C:\Users\SESA766787\Desktop\master-thesis\DWG\CAD-Versatz.dwg,Layout2,13.04.2026 11:39:39,SESA766787,PublishToWeb PNG (Transparent).pc3,Previous paper size  (2460.00 x 1368.00 pixels),1:0.0325085,
C:\Users\SESA766787\Desktop\master-thesis\DWG\CAD-Versatz.dwg,Layout2,13.04.2026 11:42:39,SESA766787,PublishToWeb PNG (Transparent).pc3,Previous paper size  (2460.00 x 1368.00 pixels),1:0.0325085,
C:\Users\SESA766787\Desktop\master-thesis\DWG\CAD-Versatz.dwg,Layout2,13.04.2026 11:45:06,SESA766787,PublishToWeb JPG.pc3,Previous paper size  (2460.00 x 1368.00 pixels),1:0.0324848,
C:\Users\SESA766787\Desktop\master-thesis\DWG\CAD-Versatz.dwg,Layout1,13.04.2026 11:48:06,SESA766787,PublishToWeb PNG (Transparent).pc3,Previous paper size  (210.00 x 297.00 pixels),1:0.205161,
C:\Users\SESA766787\Desktop\master-thesis\DWG\CAD-Versatz.dwg,Layout1,13.04.2026 11:49:25,SESA766787,PublishToWeb PNG (Transparent).pc3,Previous paper size  (2460.00 x 1368.00 pixels),1:0.0244068,
C:\Users\SESA766787\Desktop\master-thesis\DWG\CAD-Versatz.dwg,Layout2,13.04.2026 12:00:02,SESA766787,PublishToWeb PNG (Transparent).pc3,Previous paper size  (2460.00 x 1368.00 pixels),1:0.0324611,
C:\Users\SESA766787\Desktop\master-thesis\DWG\CAD-Versatz.dwg,Layout2,13.04.2026 12:02:27,SESA766787,PublishToWeb PNG (Transparent).pc3,Previous paper size  (2460.00 x 1368.00 pixels),1:0.0324611,
C:\Users\SESA766787\Desktop\master-thesis\DWG\CAD-Versatz.dwg,Layout2,13.04.2026 12:08:15,SESA766787,PublishToWeb PNG (Transparent).pc3,Previous paper size  (2460.00 x 1368.00 pixels),1:0.0324611,
C:\Users\SESA766787\Desktop\master-thesis\DWG\CAD-Versatz.dwg,Layout2,13.04.2026 12:11:29,SESA766787,PublishToWeb PNG (Transparent).pc3,Previous paper size  (2460.00 x 1368.00 pixels),1:0.0324611,
C:\Users\SESA766787\Desktop\master-thesis\DWG\CAD-Versatz.dwg,Layout2,13.04.2026 12:12:41,SESA766787,PublishToWeb PNG (Transparent).pc3,Previous paper size  (2460.00 x 1368.00 pixels),1:0.0324611,
C:\Users\SESA766787\Desktop\master-thesis\DWG\CAD-Versatz.dwg,Layout2,13.04.2026 12:23:59,SESA766787,PublishToWeb PNG (Transparent).pc3,Previous paper size  (2460.00 x 1368.00 pixels),1:0.0379966,
C:\Users\SESA766787\Desktop\master-thesis\DWG\CAD-Versatz.dwg,Layout2,13.04.2026 12:24:48,SESA766787,PublishToWeb PNG (Transparent).pc3,Previous paper size  (2460.00 x 1368.00 pixels),1:0.0379966,
C:\Users\SESA766787\Desktop\master-thesis\DWG\CAD-Versatz.dwg,Layout1,27.04.2026 17:14:03,SESA766787,PublishToWeb PNG (Transparent).pc3,Sun Hi-Res (1600.00 x 1280.00 Pixels),1:0.0330822,
C:\Users\SESA766787\Desktop\master-thesis\DWG\CAD-Versatz.dwg,Layout1,28.04.2026 08:42:51,SESA766787,PublishToWeb PNG (Transparent).pc3,Sun Hi-Res (1600.00 x 1280.00 Pixels),1:0.0330822,
C:\Users\SESA766787\Desktop\master-thesis\DWG\CAD-Versatz.dwg,Cut-Off Winkel,06.05.2026 13:42:29,SESA766787,DWG To PDF.pc3,Previous paper size  (62.99 x 50.39 inches),1:1.24799,
C:\Users\SESA766787\Desktop\master-thesis\DWG\CAD-Versatz.dwg,Cut-Off Winkel,06.05.2026 13:45:15,SESA766787,DWG To PDF.pc3,Previous paper size  (62.99 x 50.39 inches),1:1.24799,
C:\Users\SESA766787\Desktop\master-thesis\DWG\CAD-Versatz.dwg,Cut-Off Winkel,06.05.2026 13:47:18,SESA766787,DWG To PDF.pc3,Previous paper size  (62.99 x 50.39 inches),1:1.24799,
C:\Users\SESA766787\Desktop\master-thesis\DWG\CAD-Versatz.dwg,Cut-Off Winkel,06.05.2026 13:58:15,SESA766787,DWG To PDF.pc3,Previous paper size  (62.99 x 50.39 inches),1:1.24799,
C:\Users\SESA766787\Desktop\master-thesis\DWG\CAD-Versatz.dwg,Cut-Off Winkel,06.05.2026 14:03:54,SESA766787,DWG To PDF.pc3,Previous paper size  (62.99 x 50.39 inches),1:1.10613,
C:\Users\SESA766787\Desktop\master-thesis\DWG\CAD-Versatz.dwg,Cut-Off Winkel,06.05.2026 14:11:33,SESA766787,DWG To PDF.pc3,Previous paper size  (62.99 x 50.39 inches),1:1.10613,
C:\Users\SESA766787\Desktop\master-thesis\DWG\CAD-Versatz.dwg,Cut-Off Winkel,06.05.2026 15:58:56,SESA766787,DWG To PDF.pc3,ANSI A (11.00 x 8.50 Inches),1:5.92146,
C:\Users\SESA766787\Desktop\master-thesis\DWG\CAD-Versatz.dwg,Cut-Off Winkel,06.05.2026 16:00:34,SESA766787,DWG To PDF.pc3,ANSI A (11.00 x 8.50 Inches),1:5.92146,
C:\Users\SESA766787\Desktop\master-thesis\DWG\CAD-Versatz.dwg,Fensterdetail,13.05.2026 08:51:20,SESA766787,DWG To PDF.pc3,ARCH full bleed B (12.00 x 18.00 Inches),1:5.08811,
C:\Users\SESA766787\Desktop\master-thesis\DWG\CAD-Versatz.dwg,Fensterdetail,13.05.2026 09:17:29,SESA766787,DWG To PDF.pc3,ARCH full bleed B (12.00 x 18.00 Inches),1:5.08811,
